smash> smash> smash> smash> smash> smash> smash> smash> [1] sleep 100& : 17328 1 secs
[2] sleep 200& : 17509 1 secs
[3] sleep 300& : 17684 1 secs
[4] sleep 400& : 17868 1 secs
[5] sleep 20& : 18054 1 secs
[6] sleep 600& : 18237 1 secs
[7] sleep 700& : 18412 1 secs
smash> smash> smash> [1] sleep 100& : 17328 1 secs
[2] sleep 200& : 17509 1 secs
[3] sleep 300& : 17684 1 secs
[4] sleep 400& : 17868 1 secs
[5] sleep 20& : 18054 1 secs
[6] sleep 600& : 18237 1 secs
[7] sleep 700& : 18412 1 secs
[8] sleep 800& : 18780 0 secs
[9] sleep 900& : 18964 0 secs
smash> signal number 9 was sent to pid 17684
smash> [1] sleep 100& : 17328 1 secs
[2] sleep 200& : 17509 1 secs
[4] sleep 400& : 17868 1 secs
[5] sleep 20& : 18054 1 secs
[6] sleep 600& : 18237 1 secs
[7] sleep 700& : 18412 1 secs
[8] sleep 800& : 18780 0 secs
[9] sleep 900& : 18964 0 secs
smash> smash> [1] sleep 100& : 17328 1 secs
[2] sleep 200& : 17509 1 secs
[4] sleep 400& : 17868 1 secs
[5] sleep 20& : 18054 1 secs
[6] sleep 600& : 18237 1 secs
[7] sleep 700& : 18412 1 secs
[8] sleep 800& : 18780 0 secs
[9] sleep 900& : 18964 0 secs
[10] sleep 1000& : 19716 0 secs
smash> signal number 9 was sent to pid 19716
smash> [1] sleep 100& : 17328 1 secs
[2] sleep 200& : 17509 1 secs
[4] sleep 400& : 17868 1 secs
[5] sleep 20& : 18054 1 secs
[6] sleep 600& : 18237 1 secs
[7] sleep 700& : 18412 1 secs
[8] sleep 800& : 18780 0 secs
[9] sleep 900& : 18964 0 secs
smash> smash> [1] sleep 100& : 17328 2 secs
[2] sleep 200& : 17509 2 secs
[4] sleep 400& : 17868 2 secs
[5] sleep 20& : 18054 2 secs
[6] sleep 600& : 18237 2 secs
[7] sleep 700& : 18412 2 secs
[8] sleep 800& : 18780 1 secs
[9] sleep 900& : 18964 1 secs
[10] sleep 1001& : 20438 0 secs
smash> sleep 1001& : 20438
smash: got ctrl-Z
smash: process 20438 was stopped
smash> [1] sleep 100& : 17328 2 secs
[2] sleep 200& : 17509 2 secs
[4] sleep 400& : 17868 2 secs
[5] sleep 20& : 18054 2 secs
[6] sleep 600& : 18237 2 secs
[7] sleep 700& : 18412 2 secs
[8] sleep 800& : 18780 1 secs
[9] sleep 900& : 18964 1 secs
[10] sleep 1001& : 20438 0 secs (stopped)
smash> sleep 1001& : 20438
smash: got ctrl-Z
smash: process 20438 was stopped
smash> [1] sleep 100& : 17328 2 secs
[2] sleep 200& : 17509 2 secs
[4] sleep 400& : 17868 2 secs
[5] sleep 20& : 18054 2 secs
[6] sleep 600& : 18237 2 secs
[7] sleep 700& : 18412 2 secs
[8] sleep 800& : 18780 1 secs
[9] sleep 900& : 18964 1 secs
[10] sleep 1001& : 20438 0 secs (stopped)
smash> sleep 1001& : 20438
smash: got ctrl-Z
smash: process 20438 was stopped
smash> [1] sleep 100& : 17328 3 secs
[2] sleep 200& : 17509 3 secs
[4] sleep 400& : 17868 3 secs
[5] sleep 20& : 18054 3 secs
[6] sleep 600& : 18237 3 secs
[7] sleep 700& : 18412 3 secs
[8] sleep 800& : 18780 2 secs
[9] sleep 900& : 18964 2 secs
[10] sleep 1001& : 20438 1 secs (stopped)
smash> sleep 1001& : 20438
smash: got ctrl-Z
smash: process 20438 was stopped
smash> [1] sleep 100& : 17328 3 secs
[2] sleep 200& : 17509 3 secs
[4] sleep 400& : 17868 3 secs
[5] sleep 20& : 18054 3 secs
[6] sleep 600& : 18237 3 secs
[7] sleep 700& : 18412 3 secs
[8] sleep 800& : 18780 2 secs
[9] sleep 900& : 18964 2 secs
[10] sleep 1001& : 20438 0 secs (stopped)
smash> smash: got ctrl-C
[1] sleep 100& : 17328 3 secs
[2] sleep 200& : 17509 3 secs
[4] sleep 400& : 17868 3 secs
[5] sleep 20& : 18054 3 secs
[6] sleep 600& : 18237 3 secs
[7] sleep 700& : 18412 3 secs
[8] sleep 800& : 18780 2 secs
[9] sleep 900& : 18964 2 secs
[10] sleep 1001& : 20438 0 secs (stopped)
smash> smash: got ctrl-Z
smash: process 23332 was stopped
smash> [1] sleep 100& : 17328 6 secs
[2] sleep 200& : 17509 6 secs
[4] sleep 400& : 17868 6 secs
[5] sleep 20& : 18054 6 secs
[6] sleep 600& : 18237 6 secs
[7] sleep 700& : 18412 6 secs
[8] sleep 800& : 18780 5 secs
[9] sleep 900& : 18964 5 secs
[10] sleep 1001& : 20438 3 secs (stopped)
[11] sleep 1002 : 23332 0 secs (stopped)
smash> sleep 1002 : 23332
smash> [1] sleep 100& : 17328 7 secs
[2] sleep 200& : 17509 7 secs
[4] sleep 400& : 17868 7 secs
[5] sleep 20& : 18054 7 secs
[6] sleep 600& : 18237 7 secs
[7] sleep 700& : 18412 7 secs
[8] sleep 800& : 18780 6 secs
[9] sleep 900& : 18964 6 secs
[10] sleep 1001& : 20438 4 secs (stopped)
[11] sleep 1002 : 23332 1 secs
smash> smash: got ctrl-C
smash: process 29817 was killed
smash> smash> smash: got ctrl-C
smash: got ctrl-C
smash: got ctrl-Z
smash: got ctrl-Z
[1] sleep 100& : 17328 13 secs
[2] sleep 200& : 17509 13 secs
[4] sleep 400& : 17868 13 secs
[5] sleep 20& : 18054 13 secs
[6] sleep 600& : 18237 13 secs
[7] sleep 700& : 18412 13 secs
[8] sleep 800& : 18780 12 secs
[9] sleep 900& : 18964 12 secs
[10] sleep 1001& : 20438 10 secs (stopped)
[11] sleep 1002 : 23332 7 secs
smash> smash: got ctrl-Z
smash: process 40577 was stopped
smash> smash: got ctrl-Z
smash: process 40939 was stopped
smash> smash: got ctrl-Z
smash: process 41302 was stopped
smash> sleep 1100 : 40577
smash: got ctrl-Z
smash: process 40577 was stopped
smash> sleep 1100 : 40577
smash: got ctrl-Z
smash: process 40577 was stopped
smash> sleep 1100 : 40577
smash: got ctrl-Z
smash: process 40577 was stopped
smash> [1] sleep 100& : 17328 14 secs
[2] sleep 200& : 17509 14 secs
[4] sleep 400& : 17868 14 secs
[5] sleep 20& : 18054 14 secs
[6] sleep 600& : 18237 14 secs
[7] sleep 700& : 18412 14 secs
[8] sleep 800& : 18780 13 secs
[9] sleep 900& : 18964 13 secs
[10] sleep 1001& : 20438 11 secs (stopped)
[11] sleep 1002 : 23332 8 secs
[12] sleep 1100 : 40577 0 secs (stopped)
[13] sleep 1200 : 40939 1 secs (stopped)
[14] sleep 1200 : 41302 1 secs (stopped)
smash> sleep 1002 : 23332
smash: got ctrl-Z
smash: process 23332 was stopped
smash> sleep 1002 : 23332
smash: got ctrl-C
smash: process 23332 was killed
smash> smash error: fg: job-id 20 does not exist
smash> smash error: fg: job-id 21 does not exist
smash> smash error: fg: job-id -2 does not exist
smash> [1] sleep 100& : 17328 15 secs
[2] sleep 200& : 17509 15 secs
[4] sleep 400& : 17868 15 secs
[5] sleep 20& : 18054 15 secs
[6] sleep 600& : 18237 15 secs
[7] sleep 700& : 18412 15 secs
[8] sleep 800& : 18780 14 secs
[9] sleep 900& : 18964 14 secs
[10] sleep 1001& : 20438 12 secs (stopped)
[12] sleep 1100 : 40577 1 secs (stopped)
[13] sleep 1200 : 40939 2 secs (stopped)
[14] sleep 1200 : 41302 2 secs (stopped)
smash> sleep 1100 : 40577
smash> smash error: bg: job-id 20 does not exist
smash> smash error: bg: job-id -1 does not exist
smash> [1] sleep 100& : 17328 15 secs
[2] sleep 200& : 17509 15 secs
[4] sleep 400& : 17868 15 secs
[5] sleep 20& : 18054 15 secs
[6] sleep 600& : 18237 15 secs
[7] sleep 700& : 18412 15 secs
[8] sleep 800& : 18780 14 secs
[9] sleep 900& : 18964 14 secs
[10] sleep 1001& : 20438 12 secs (stopped)
[12] sleep 1100 : 40577 1 secs
[13] sleep 1200 : 40939 2 secs (stopped)
[14] sleep 1200 : 41302 2 secs (stopped)
smash> smash error: bg: job-id 7 is already running in the background
smash> smash error: bg: job-id 8 is already running in the background
smash> [1] sleep 100& : 17328 16 secs
[2] sleep 200& : 17509 16 secs
[4] sleep 400& : 17868 16 secs
[5] sleep 20& : 18054 16 secs
[6] sleep 600& : 18237 16 secs
[7] sleep 700& : 18412 16 secs
[8] sleep 800& : 18780 15 secs
[9] sleep 900& : 18964 15 secs
[10] sleep 1001& : 20438 13 secs (stopped)
[12] sleep 1100 : 40577 2 secs
[13] sleep 1200 : 40939 3 secs (stopped)
[14] sleep 1200 : 41302 3 secs (stopped)
smash> signal number 9 was sent to pid 17328
smash> smash error: kill: job-id 1 does not exist
smash> [2] sleep 200& : 17509 17 secs
[4] sleep 400& : 17868 17 secs
[5] sleep 20& : 18054 17 secs
[6] sleep 600& : 18237 17 secs
[7] sleep 700& : 18412 17 secs
[8] sleep 800& : 18780 16 secs
[9] sleep 900& : 18964 16 secs
[10] sleep 1001& : 20438 14 secs (stopped)
[12] sleep 1100 : 40577 3 secs
[13] sleep 1200 : 40939 4 secs (stopped)
[14] sleep 1200 : 41302 4 secs (stopped)
smash> signal number 9 was sent to pid 17509
smash> signal number 9 was sent to pid 17868
smash> smash error: fg: job-id 4 does not exist
smash> smash error: bg: job-id 2 does not exist
smash> smash error: fg: job-id 1 does not exist
smash> [5] sleep 20& : 18054 18 secs
[6] sleep 600& : 18237 18 secs
[7] sleep 700& : 18412 18 secs
[8] sleep 800& : 18780 17 secs
[9] sleep 900& : 18964 17 secs
[10] sleep 1001& : 20438 15 secs (stopped)
[12] sleep 1100 : 40577 4 secs
[13] sleep 1200 : 40939 5 secs (stopped)
[14] sleep 1200 : 41302 5 secs (stopped)
smash> smash> [5] sleep 20& : 18054 18 secs
[6] sleep 600& : 18237 18 secs
[7] sleep 700& : 18412 18 secs
[8] sleep 800& : 18780 17 secs
[9] sleep 900& : 18964 17 secs
[10] sleep 1001& : 20438 15 secs (stopped)
[12] sleep 1100 : 40577 4 secs
[13] sleep 1200 : 40939 5 secs (stopped)
[14] sleep 1200 : 41302 5 secs (stopped)
[15] sleep 3& : 49756 0 secs
smash> [6] sleep 600& : 18237 23 secs
[7] sleep 700& : 18412 23 secs
[8] sleep 800& : 18780 22 secs
[9] sleep 900& : 18964 22 secs
[10] sleep 1001& : 20438 20 secs (stopped)
[12] sleep 1100 : 40577 9 secs
[13] sleep 1200 : 40939 10 secs (stopped)
[14] sleep 1200 : 41302 10 secs (stopped)
smash> [6] sleep 600& : 18237 23 secs
[7] sleep 700& : 18412 23 secs
[8] sleep 800& : 18780 22 secs
[9] sleep 900& : 18964 22 secs
[10] sleep 1001& : 20438 20 secs (stopped)
[12] sleep 1100 : 40577 9 secs
[13] sleep 1200 : 40939 10 secs (stopped)
[14] sleep 1200 : 41302 10 secs (stopped)
smash> [6] sleep 600& : 18237 23 secs
[7] sleep 700& : 18412 23 secs
[8] sleep 800& : 18780 22 secs
[9] sleep 900& : 18964 22 secs
[10] sleep 1001& : 20438 20 secs (stopped)
[12] sleep 1100 : 40577 9 secs
[13] sleep 1200 : 40939 10 secs (stopped)
[14] sleep 1200 : 41302 10 secs (stopped)
smash> [6] sleep 600& : 18237 34 secs
[7] sleep 700& : 18412 34 secs
[8] sleep 800& : 18780 33 secs
[9] sleep 900& : 18964 33 secs
[10] sleep 1001& : 20438 31 secs (stopped)
[12] sleep 1100 : 40577 20 secs
[13] sleep 1200 : 40939 21 secs (stopped)
[14] sleep 1200 : 41302 21 secs (stopped)
smash> sleep 1200 : 41302
smash: got ctrl-Z
smash: process 41302 was stopped
smash> [6] sleep 600& : 18237 34 secs
[7] sleep 700& : 18412 34 secs
[8] sleep 800& : 18780 33 secs
[9] sleep 900& : 18964 33 secs
[10] sleep 1001& : 20438 31 secs (stopped)
[12] sleep 1100 : 40577 20 secs
[13] sleep 1200 : 40939 21 secs (stopped)
[14] sleep 1200 : 41302 0 secs (stopped)
smash> sleep 1200 : 41302
smash: got ctrl-Z
smash: process 41302 was stopped
smash> [6] sleep 600& : 18237 34 secs
[7] sleep 700& : 18412 34 secs
[8] sleep 800& : 18780 33 secs
[9] sleep 900& : 18964 33 secs
[10] sleep 1001& : 20438 31 secs (stopped)
[12] sleep 1100 : 40577 20 secs
[13] sleep 1200 : 40939 21 secs (stopped)
[14] sleep 1200 : 41302 0 secs (stopped)
smash> sleep 1200 : 41302
smash: got ctrl-Z
smash: process 41302 was stopped
smash> [6] sleep 600& : 18237 34 secs
[7] sleep 700& : 18412 34 secs
[8] sleep 800& : 18780 33 secs
[9] sleep 900& : 18964 33 secs
[10] sleep 1001& : 20438 31 secs (stopped)
[12] sleep 1100 : 40577 20 secs
[13] sleep 1200 : 40939 21 secs (stopped)
[14] sleep 1200 : 41302 0 secs (stopped)
smash> smash> [6] sleep 600& : 18237 35 secs
[7] sleep 700& : 18412 35 secs
[8] sleep 800& : 18780 34 secs
[9] sleep 900& : 18964 34 secs
[10] sleep 1001& : 20438 32 secs (stopped)
[12] sleep 1100 : 40577 21 secs
[13] sleep 1200 : 40939 22 secs (stopped)
[14] sleep 1200 : 41302 1 secs (stopped)
[15] sleep 777& : 79331 0 secs
smash> smash: got ctrl-C
smash: process 79678 was killed
smash> smash: got ctrl-Z
smash: process 80034 was stopped
smash> sleep 888 : 80034
smash> [6] sleep 600& : 18237 35 secs
[7] sleep 700& : 18412 35 secs
[8] sleep 800& : 18780 34 secs
[9] sleep 900& : 18964 34 secs
[10] sleep 1001& : 20438 32 secs (stopped)
[12] sleep 1100 : 40577 21 secs
[13] sleep 1200 : 40939 22 secs (stopped)
[14] sleep 1200 : 41302 1 secs (stopped)
[15] sleep 777& : 79331 0 secs
[16] sleep 888 : 80034 0 secs
smash> smash> [6] sleep 600& : 18237 36 secs
[7] sleep 700& : 18412 36 secs
[8] sleep 800& : 18780 35 secs
[9] sleep 900& : 18964 35 secs
[10] sleep 1001& : 20438 33 secs (stopped)
[12] sleep 1100 : 40577 22 secs
[13] sleep 1200 : 40939 23 secs (stopped)
[14] sleep 1200 : 41302 2 secs (stopped)
[15] sleep 777& : 79331 1 secs
[16] sleep 888 : 80034 1 secs
[17] sleep 100& : 80941 1 secs
smash> smash> I'm the real slim shady
smash> sleep 100& : 80941
smash: got ctrl-Z
smash: process 80941 was stopped
smash> smash: sending SIGKILL signal to 11 jobs:
18237: sleep 600&
18412: sleep 700&
18780: sleep 800&
18964: sleep 900&
20438: sleep 1001&
40577: sleep 1100
40939: sleep 1200
41302: sleep 1200
79331: sleep 777&
80034: sleep 888
80941: sleep 100&
