smash> smash error: kill: invalid arguments
smash> smash error: kill: job-id -1 does not exist
smash> smash error: kill: invalid arguments
smash> smash error: kill: job-id 1 does not exist
smash> smash error: kill: invalid arguments
smash> smash error: kill: invalid arguments
smash> smash error: kill: invalid arguments
smash> smash error: kill: job-id 1 does not exist
smash> smash> smash error: kill: invalid arguments
smash> smash error: kill: invalid arguments
smash> smash error: kill: invalid arguments
smash> smash error: kill: invalid arguments
smash> smash error: kill: invalid arguments
smash> signal number 9 was sent to pid 106350
smash> smash error: kill: job-id 1 does not exist
smash> smash> smash> smash error: kill failed: Invalid argument
smash> [1] sleep 10& : 107330 0 secs
smash> smash> [1] sleep 10& : 107330 1 secs
[2] sleep 5& : 107621 1 secs
smash> smash> [1] sleep 10& : 107330 2 secs
[2] sleep 5& : 107621 2 secs
[3] sleep 3& : 107814 1 secs
smash> smash error: kill: invalid arguments
smash> smash error: kill: invalid arguments
smash> smash> smash> [1] sleep 10 & : 120581 3 secs
smash> signal number 9 was sent to pid 120581
smash> smash> smash> smash> smash: got ctrl-Z
smash: process 123984 was stopped
smash> [1] sleep 5& : 123777 0 secs
[2]           sleep        10   & : 123877 0 secs
[3] sleep 15 : 123984 0 secs (stopped)
smash> signal number 9 was sent to pid 123777
smash> [2]           sleep        10   & : 123877 1 secs
[3] sleep 15 : 123984 1 secs (stopped)
smash> signal number 9 was sent to pid 123877
smash> [3] sleep 15 : 123984 1 secs (stopped)
smash> signal number 9 was sent to pid 123984
smash> smash> smash> smash> [1] sleep 10& : 124871 2 secs (stopped)
smash> smash: got ctrl-C
smash: process 4842 was killed
smash> signal number 9 was sent to pid 124871
smash> smash: sending SIGKILL signal to 0 jobs:
