smash> smash error: timeout: invalid arguments
smash> smash error: timeout: invalid arguments
smash> /bin/bash: showpid: command not found
smash> my_sleep
random1.txt
random2.txt
sub1
sub2
sub3
smash> before
smash> after
smash> 0
Done: 2
smash> after
smash> 0
2
Done: 4
smash> smash: got ctrl-C
smash> smash> 0
[1] timeout 3 ./my_sleep 4 & : 6745 0 secs
smash> 2
Done: 4
smash: got ctrl-C
smash> 0
2
smash: got ctrl-C
smash: process 14596 was killed
smash> before
smash> after
smash> smash> smash> 0
0
2
2
4
4
6
6
8
8
Done: 10
10
12
14
16
18
smash: got ctrl-C
smash: process 29617 was killed
smash> smash> smash> 0
0
smash> 0
smash error: bg: there is no stopped jobs to resume
smash> smash: got ctrl-Z
smash error: bg: there is no stopped jobs to resume
smash> 2
2
2
4
4
4
[1] timeout 7 ./my_sleep 10& : 61823 4 secs
[2] timeout 3 ./my_sleep 20& : 61824 4 secs
[3] timeout 3 ./my_sleep 20& : 61992 4 secs
smash> smash> 0
timeout 3 ./my_sleep 20& : 69004
smash: got ctrl-Z
smash: process 69004 was stopped
smash> timeout 3 ./my_sleep 20& : 69004
smash> 6
6
6
2
8
8
8
4
[1] timeout 7 ./my_sleep 10& : 61823 9 secs
[2] timeout 3 ./my_sleep 20& : 61824 9 secs
[3] timeout 3 ./my_sleep 20& : 61992 9 secs
[4] timeout 3 ./my_sleep 20& : 69004 4 secs
smash> smash> 0
timeout 3 ./my_sleep 20& : 77199
smash: got ctrl-C
smash: process 77199 was killed
smash> [1] timeout 7 ./my_sleep 10& : 61823 9 secs
[2] timeout 3 ./my_sleep 20& : 61824 9 secs
[3] timeout 3 ./my_sleep 20& : 61992 9 secs
[4] timeout 3 ./my_sleep 20& : 69004 4 secs
smash> Done: 10
10
10
6
12
12
8
smash> smash> 14
smash> 14
smash> [2] timeout 3 ./my_sleep 20& : 61824 14 secs
[3] timeout 3 ./my_sleep 20& : 61992 14 secs
[4] timeout 3 ./my_sleep 20& : 69004 9 secs
[5] timeout 5 sleep 100& : 85270 0 secs
[6] timeout 10 sleep 200& : 85460 0 secs
[7] timeout 2 sleep 300& : 85651 0 secs
[8] timeout 7 sleep 400& : 85835 0 secs
smash> 10
16
16
12
18
18
14
Done: 20
Done: 20
16
18
Done: 20
[5] timeout 5 sleep 100& : 85270 11 secs
[6] timeout 10 sleep 200& : 85460 11 secs
[7] timeout 2 sleep 300& : 85651 11 secs
[8] timeout 7 sleep 400& : 85835 11 secs
smash> smash> smash: got ctrl-C
smash: process 106721 was killed
smash> smash> smash: got ctrl-C
smash: process 113403 was killed
smash> smash: sending SIGKILL signal to 4 jobs:
85270: timeout 5 sleep 100&
85460: timeout 10 sleep 200&
85651: timeout 2 sleep 300&
85835: timeout 7 sleep 400&
